2025-03-07 14:48:39,990 - MainThread - sqlmesh.core.config.scheduler - WARNING - The bigquery engine is not recommended for storing SQLMesh state in production deployments. Please see https://sqlmesh.readthedocs.io/en/stable/guides/configuration/#state-connection for a list of recommended engines and more information. (scheduler.py:112)
2025-03-07 14:49:21,166 - MainThread - sqlmesh.core.snapshot.evaluator - INFO - Listing data objects in schema "formulaone-448910".sqlmesh__staging (evaluator.py:316)
2025-03-07 14:49:21,169 - MainThread - sqlmesh.core.engine_adapter.base - INFO - Executing SQL: WITH `clustering_info` AS (SELECT `table_catalog`, `table_schema`, `table_name`, STRING_AGG(`column_name` ORDER BY `clustering_ordinal_position`) AS `clustering_key` FROM `formulaone-448910`.`sqlmesh__staging`.`INFORMATION_SCHEMA.COLUMNS` AS `COLUMNS` WHERE `clustering_ordinal_position` IS NOT NULL GROUP BY 1, 2, 3) SELECT `table_catalog` AS `catalog`, `table_name` AS `name`, `table_schema` AS `schema_name`, CASE WHEN `table_type` = 'BASE TABLE' THEN 'TABLE' WHEN `table_type` = 'CLONE' THEN 'TABLE' WHEN `table_type` = 'EXTERNAL' THEN 'TABLE' WHEN `table_type` = 'SNAPSHOT' THEN 'TABLE' WHEN `table_type` = 'VIEW' THEN 'VIEW' WHEN `table_type` = 'MATERIALIZED VIEW' THEN 'MATERIALIZED_VIEW' ELSE `table_type` END AS `type`, `ci`.`clustering_key` AS `clustering_key` FROM `formulaone-448910`.`sqlmesh__staging`.`INFORMATION_SCHEMA.TABLES` AS `TABLES` LEFT JOIN `clustering_info` AS `ci` USING (`table_catalog`, `table_schema`, `table_name`) WHERE `table_name` IN ('staging__stg_constructors__3855506232', 'staging__stg_circuits__622503816') (base.py:2079)
2025-03-07 14:49:23,326 - MainThread - sqlmesh.core.snapshot.evaluator - INFO - Creating schema '"formulaone-448910".sqlmesh__staging' (evaluator.py:1044)
2025-03-07 14:49:23,327 - MainThread - sqlmesh.core.engine_adapter.base - INFO - Executing SQL: CREATE SCHEMA IF NOT EXISTS `formulaone-448910`.`sqlmesh__staging` (base.py:2079)
2025-03-07 14:49:24,305 - MainThread - sqlmesh.core.snapshot.evaluator - INFO - Creating view '"formulaone-448910".sqlmesh__staging.staging__stg_circuits__622503816' (evaluator.py:1788)
2025-03-07 14:49:24,309 - MainThread - sqlmesh.core.engine_adapter.base - INFO - Executing SQL: CREATE VIEW `formulaone-448910`.`sqlmesh__staging`.`staging__stg_circuits__622503816` OPTIONS (description='The circuits used by the Formula One') AS SELECT CAST(`circuitid` AS STRING) AS `id_circuit`, CAST(`circuitname` AS STRING) AS `circuit_name`, CAST(`url` AS STRING) AS `circuit_url`, JSON_VALUE(`location`, '$.country') AS `country`, JSON_VALUE(`location`, '$.lat') AS `latitude`, JSON_VALUE(`location`, '$.locality') AS `locality`, JSON_VALUE(`location`, '$.long') AS `longitude` FROM `formulaone-448910`.`raw_data`.`Circuits` AS `circuits` (base.py:2079)
2025-03-07 14:49:25,182 - MainThread - sqlmesh.core.engine_adapter.bigquery - INFO - Registering column comments for table "formulaone-448910".sqlmesh__staging.staging__stg_circuits__622503816 (bigquery.py:685)
2025-03-07 14:49:25,854 - MainThread - sqlmesh.core.snapshot.evaluator - INFO - Creating view '"formulaone-448910".sqlmesh__staging.staging__stg_constructors__3855506232' (evaluator.py:1788)
2025-03-07 14:49:25,857 - MainThread - sqlmesh.core.engine_adapter.base - INFO - Executing SQL: CREATE VIEW `formulaone-448910`.`sqlmesh__staging`.`staging__stg_constructors__3855506232` OPTIONS (description='The constructors that race in the Formula One') AS SELECT CAST(`constructorid` AS STRING) AS `id_constructor`, `name` AS `constructor_name`, `nationality` AS `nationality`, `url` AS `url` FROM `formulaone-448910`.`raw_data`.`Constructors` AS `constructors` (base.py:2079)
2025-03-07 14:49:26,484 - MainThread - sqlmesh.core.engine_adapter.bigquery - INFO - Registering column comments for table "formulaone-448910".sqlmesh__staging.staging__stg_constructors__3855506232 (bigquery.py:685)
2025-03-07 14:49:27,425 - MainThread - sqlmesh.core.engine_adapter.bigquery - INFO - Loading dataframe to BigQuery. Table Path: /projects/formulaone-448910/datasets/sqlmesh/tables/__temp__snapshots_5uwvphk2 (bigquery.py:466)
2025-03-07 14:49:35,259 - MainThread - sqlmesh.core.snapshot.evaluator - INFO - Evaluating snapshot SnapshotId<"formulaone-448910"."staging"."stg_circuits": 3154306596> (evaluator.py:577)
2025-03-07 14:49:35,603 - MainThread - sqlmesh.core.snapshot.evaluator - INFO - Inserting batch (2025-01-25 00:00:00, 2025-03-07 00:00:00) into "formulaone-448910".sqlmesh__staging.staging__stg_circuits__622503816' (evaluator.py:608)
2025-03-07 14:49:35,603 - MainThread - sqlmesh.core.snapshot.evaluator - INFO - Replacing view '"formulaone-448910".sqlmesh__staging.staging__stg_circuits__622503816' (evaluator.py:1742)
2025-03-07 14:49:35,604 - MainThread - sqlmesh.core.engine_adapter.base - INFO - Executing SQL: CREATE OR REPLACE VIEW `formulaone-448910`.`sqlmesh__staging`.`staging__stg_circuits__622503816` (`id_circuit` OPTIONS (description='Unique identifier for the circuit'), `circuit_name` OPTIONS (description='Name of the circuit'), `circuit_url` OPTIONS (description='Wikipedia URL of the circuit'), `country` OPTIONS (description='Country in which the circuit is located'), `latitude` OPTIONS (description='latitude of the circuit'), `locality` OPTIONS (description='Name of the locality associated to the circuit'), `longitude` OPTIONS (description='longitude of the circuit')) OPTIONS (description='The circuits used by the Formula One') AS SELECT CAST(`circuitid` AS STRING) AS `id_circuit`, CAST(`circuitname` AS STRING) AS `circuit_name`, CAST(`url` AS STRING) AS `circuit_url`, JSON_VALUE(`location`, '$.country') AS `country`, JSON_VALUE(`location`, '$.lat') AS `latitude`, JSON_VALUE(`location`, '$.locality') AS `locality`, JSON_VALUE(`location`, '$.long') AS `longitude` FROM `formulaone-448910`.`raw_data`.`Circuits` AS `circuits` (base.py:2079)
2025-03-07 14:49:36,062 - MainThread - sqlmesh.core.state_sync.engine_adapter - INFO - Adding interval (2025-01-25 00:00:00, 2025-03-07 00:00:00) for snapshot SnapshotId<"formulaone-448910"."staging"."stg_circuits": 3154306596> (engine_adapter.py:1031)
2025-03-07 14:49:36,363 - MainThread - sqlmesh.core.engine_adapter.bigquery - INFO - Loading dataframe to BigQuery. Table Path: /projects/formulaone-448910/datasets/sqlmesh/tables/__temp__intervals_8intpfe0 (bigquery.py:466)
2025-03-07 14:49:44,676 - MainThread - sqlmesh.core.snapshot.evaluator - INFO - Evaluating snapshot SnapshotId<"formulaone-448910"."staging"."stg_constructors": 523532495> (evaluator.py:577)
2025-03-07 14:49:45,336 - MainThread - sqlmesh.core.snapshot.evaluator - INFO - Inserting batch (2025-01-25 00:00:00, 2025-03-07 00:00:00) into "formulaone-448910".sqlmesh__staging.staging__stg_constructors__3855506232' (evaluator.py:608)
2025-03-07 14:49:45,336 - MainThread - sqlmesh.core.snapshot.evaluator - INFO - Replacing view '"formulaone-448910".sqlmesh__staging.staging__stg_constructors__3855506232' (evaluator.py:1742)
2025-03-07 14:49:45,337 - MainThread - sqlmesh.core.engine_adapter.base - INFO - Executing SQL: CREATE OR REPLACE VIEW `formulaone-448910`.`sqlmesh__staging`.`staging__stg_constructors__3855506232` (`id_constructor` OPTIONS (description='Unique identifier for the constructor'), `constructor_name` OPTIONS (description='Properly formatted name of the constructor'), `nationality` OPTIONS (description='The nationality of the constructor'), `url` OPTIONS (description='The Wikipedia URL of the constructor')) OPTIONS (description='The constructors that race in the Formula One') AS SELECT CAST(`constructorid` AS STRING) AS `id_constructor`, `name` AS `constructor_name`, `nationality` AS `nationality`, `url` AS `url` FROM `formulaone-448910`.`raw_data`.`Constructors` AS `constructors` (base.py:2079)
2025-03-07 14:49:45,740 - MainThread - sqlmesh.core.state_sync.engine_adapter - INFO - Adding interval (2025-01-25 00:00:00, 2025-03-07 00:00:00) for snapshot SnapshotId<"formulaone-448910"."staging"."stg_constructors": 523532495> (engine_adapter.py:1031)
2025-03-07 14:49:46,197 - MainThread - sqlmesh.core.engine_adapter.bigquery - INFO - Loading dataframe to BigQuery. Table Path: /projects/formulaone-448910/datasets/sqlmesh/tables/__temp__intervals_l6h1avvu (bigquery.py:466)
2025-03-07 14:49:51,733 - MainThread - sqlmesh.core.state_sync.engine_adapter - INFO - Promoting environment 'prod' (engine_adapter.py:280)
2025-03-07 14:49:58,728 - MainThread - sqlmesh.core.engine_adapter.bigquery - INFO - Loading dataframe to BigQuery. Table Path: /projects/formulaone-448910/datasets/sqlmesh/tables/__temp__environments_1c8qg0q6 (bigquery.py:466)
2025-03-07 14:50:06,961 - MainThread - sqlmesh.core.state_sync.engine_adapter - INFO - Unpausing snapshot SnapshotId<"formulaone-448910"."staging"."stg_constructors": 523532495> (engine_adapter.py:457)
2025-03-07 14:50:06,961 - MainThread - sqlmesh.core.state_sync.engine_adapter - INFO - Unpausing snapshot SnapshotId<"formulaone-448910"."staging"."stg_circuits": 3154306596> (engine_adapter.py:457)
2025-03-07 14:50:09,449 - MainThread - sqlmesh.core.snapshot.evaluator - INFO - Creating schema '"formulaone-448910".staging' (evaluator.py:1044)
2025-03-07 14:50:09,450 - MainThread - sqlmesh.core.engine_adapter.base - INFO - Executing SQL: CREATE SCHEMA IF NOT EXISTS `formulaone-448910`.`staging` (base.py:2079)
2025-03-07 14:50:10,022 - MainThread - sqlmesh.core.snapshot.evaluator - INFO - Updating view '"formulaone-448910".staging.stg_circuits' to point at table '"formulaone-448910".sqlmesh__staging.staging__stg_circuits__622503816' (evaluator.py:1315)
2025-03-07 14:50:10,022 - MainThread - sqlmesh.core.engine_adapter.base - INFO - Executing SQL: CREATE OR REPLACE VIEW `formulaone-448910`.`staging`.`stg_circuits` OPTIONS (description='The circuits used by the Formula One') AS SELECT * FROM `formulaone-448910`.`sqlmesh__staging`.`staging__stg_circuits__622503816` (base.py:2079)
2025-03-07 14:50:11,139 - MainThread - sqlmesh.core.engine_adapter.bigquery - INFO - Registering column comments for table "formulaone-448910".staging.stg_circuits (bigquery.py:685)
2025-03-07 14:50:11,386 - MainThread - sqlmesh.core.snapshot.evaluator - INFO - Updating view '"formulaone-448910".staging.stg_constructors' to point at table '"formulaone-448910".sqlmesh__staging.staging__stg_constructors__3855506232' (evaluator.py:1315)
2025-03-07 14:50:11,387 - MainThread - sqlmesh.core.engine_adapter.base - INFO - Executing SQL: CREATE OR REPLACE VIEW `formulaone-448910`.`staging`.`stg_constructors` OPTIONS (description='The constructors that race in the Formula One') AS SELECT * FROM `formulaone-448910`.`sqlmesh__staging`.`staging__stg_constructors__3855506232` (base.py:2079)
2025-03-07 14:50:12,245 - MainThread - sqlmesh.core.engine_adapter.bigquery - INFO - Registering column comments for table "formulaone-448910".staging.stg_constructors (bigquery.py:685)
2025-03-07 14:50:12,492 - MainThread - sqlmesh.core.state_sync.engine_adapter - INFO - Finalizing environment 'prod' (engine_adapter.py:405)
2025-03-07 14:50:16,131 - MainThread - root - INFO - Shutting down the event dispatcher (dispatcher.py:159)
