2025-03-07 15:21:32,267 - MainThread - sqlmesh.core.config.scheduler - WARNING - The bigquery engine is not recommended for storing SQLMesh state in production deployments. Please see https://sqlmesh.readthedocs.io/en/stable/guides/configuration/#state-connection for a list of recommended engines and more information. (scheduler.py:112)
2025-03-07 15:21:51,530 - MainThread - sqlmesh.core.snapshot.evaluator - INFO - Listing data objects in schema "formulaone-448910".sqlmesh__staging (evaluator.py:316)
2025-03-07 15:21:51,534 - MainThread - sqlmesh.core.engine_adapter.base - INFO - Executing SQL: WITH `clustering_info` AS (SELECT `table_catalog`, `table_schema`, `table_name`, STRING_AGG(`column_name` ORDER BY `clustering_ordinal_position`) AS `clustering_key` FROM `formulaone-448910`.`sqlmesh__staging`.`INFORMATION_SCHEMA.COLUMNS` AS `COLUMNS` WHERE `clustering_ordinal_position` IS NOT NULL GROUP BY 1, 2, 3) SELECT `table_catalog` AS `catalog`, `table_name` AS `name`, `table_schema` AS `schema_name`, CASE WHEN `table_type` = 'BASE TABLE' THEN 'TABLE' WHEN `table_type` = 'CLONE' THEN 'TABLE' WHEN `table_type` = 'EXTERNAL' THEN 'TABLE' WHEN `table_type` = 'SNAPSHOT' THEN 'TABLE' WHEN `table_type` = 'VIEW' THEN 'VIEW' WHEN `table_type` = 'MATERIALIZED VIEW' THEN 'MATERIALIZED_VIEW' ELSE `table_type` END AS `type`, `ci`.`clustering_key` AS `clustering_key` FROM `formulaone-448910`.`sqlmesh__staging`.`INFORMATION_SCHEMA.TABLES` AS `TABLES` LEFT JOIN `clustering_info` AS `ci` USING (`table_catalog`, `table_schema`, `table_name`) WHERE `table_name` IN ('staging__stg_races__2078397789') (base.py:2079)
2025-03-07 15:21:53,826 - MainThread - sqlmesh.core.snapshot.evaluator - INFO - Creating schema '"formulaone-448910".sqlmesh__staging' (evaluator.py:1044)
2025-03-07 15:21:53,826 - MainThread - sqlmesh.core.engine_adapter.base - INFO - Executing SQL: CREATE SCHEMA IF NOT EXISTS `formulaone-448910`.`sqlmesh__staging` (base.py:2079)
2025-03-07 15:21:54,716 - MainThread - sqlmesh.core.snapshot.evaluator - INFO - Creating view '"formulaone-448910".sqlmesh__staging.staging__stg_races__2078397789' (evaluator.py:1788)
2025-03-07 15:21:54,720 - MainThread - sqlmesh.core.engine_adapter.base - INFO - Executing SQL: CREATE VIEW `formulaone-448910`.`sqlmesh__staging`.`staging__stg_races__2078397789` OPTIONS (description='The races on the Formula One Championship') AS SELECT `racename` AS `race_name`, CAST(`date` AS DATE) AS `dt_race`, CAST(`round` AS INT64) AS `round_number`, `season` AS `race_season`, `url` AS `race_url` FROM `formulaone-448910`.`raw_data`.`Races` AS `races` (base.py:2079)
2025-03-07 15:21:55,273 - MainThread - sqlmesh.core.engine_adapter.bigquery - INFO - Registering column comments for table "formulaone-448910".sqlmesh__staging.staging__stg_races__2078397789 (bigquery.py:685)
2025-03-07 15:21:56,269 - MainThread - sqlmesh.core.engine_adapter.bigquery - INFO - Loading dataframe to BigQuery. Table Path: /projects/formulaone-448910/datasets/sqlmesh/tables/__temp__snapshots_wq5nsgjw (bigquery.py:466)
2025-03-07 15:22:04,846 - MainThread - sqlmesh.core.snapshot.evaluator - INFO - Evaluating snapshot SnapshotId<"formulaone-448910"."staging"."stg_races": 3870577798> (evaluator.py:577)
2025-03-07 15:22:05,145 - MainThread - sqlmesh.core.snapshot.evaluator - INFO - Inserting batch (2025-01-25 00:00:00, 2025-03-07 00:00:00) into "formulaone-448910".sqlmesh__staging.staging__stg_races__2078397789' (evaluator.py:608)
2025-03-07 15:22:05,145 - MainThread - sqlmesh.core.snapshot.evaluator - INFO - Replacing view '"formulaone-448910".sqlmesh__staging.staging__stg_races__2078397789' (evaluator.py:1742)
2025-03-07 15:22:05,146 - MainThread - sqlmesh.core.engine_adapter.base - INFO - Executing SQL: CREATE OR REPLACE VIEW `formulaone-448910`.`sqlmesh__staging`.`staging__stg_races__2078397789` (`race_name` OPTIONS (description='Unique identifier for the race'), `dt_race`, `round_number`, `race_season`, `race_url`) OPTIONS (description='The races on the Formula One Championship') AS SELECT `racename` AS `race_name`, CAST(`date` AS DATE) AS `dt_race`, CAST(`round` AS INT64) AS `round_number`, `season` AS `race_season`, `url` AS `race_url` FROM `formulaone-448910`.`raw_data`.`Races` AS `races` (base.py:2079)
2025-03-07 15:22:05,659 - MainThread - sqlmesh.core.state_sync.engine_adapter - INFO - Adding interval (2025-01-25 00:00:00, 2025-03-07 00:00:00) for snapshot SnapshotId<"formulaone-448910"."staging"."stg_races": 3870577798> (engine_adapter.py:1031)
2025-03-07 15:22:06,000 - MainThread - sqlmesh.core.engine_adapter.bigquery - INFO - Loading dataframe to BigQuery. Table Path: /projects/formulaone-448910/datasets/sqlmesh/tables/__temp__intervals_j5hwowm6 (bigquery.py:466)
2025-03-07 15:22:11,784 - MainThread - sqlmesh.core.state_sync.engine_adapter - INFO - Promoting environment 'dev' (engine_adapter.py:280)
2025-03-07 15:22:18,290 - MainThread - sqlmesh.core.engine_adapter.bigquery - INFO - Loading dataframe to BigQuery. Table Path: /projects/formulaone-448910/datasets/sqlmesh/tables/__temp__environments_ctpv2omq (bigquery.py:466)
2025-03-07 15:22:23,278 - MainThread - sqlmesh.core.snapshot.evaluator - INFO - Creating schema '"formulaone-448910".staging__dev' (evaluator.py:1044)
2025-03-07 15:22:23,278 - MainThread - sqlmesh.core.engine_adapter.base - INFO - Executing SQL: CREATE SCHEMA IF NOT EXISTS `formulaone-448910`.`staging__dev` (base.py:2079)
2025-03-07 15:22:23,568 - MainThread - sqlmesh.core.snapshot.evaluator - INFO - Updating view '"formulaone-448910".staging__dev.stg_circuits' to point at table '"formulaone-448910".sqlmesh__staging.staging__stg_circuits__622503816' (evaluator.py:1315)
2025-03-07 15:22:23,569 - MainThread - sqlmesh.core.engine_adapter.base - INFO - Executing SQL: CREATE OR REPLACE VIEW `formulaone-448910`.`staging__dev`.`stg_circuits` AS SELECT * FROM `formulaone-448910`.`sqlmesh__staging`.`staging__stg_circuits__622503816` (base.py:2079)
2025-03-07 15:22:24,289 - MainThread - sqlmesh.core.snapshot.evaluator - INFO - Updating view '"formulaone-448910".staging__dev.stg_constructors' to point at table '"formulaone-448910".sqlmesh__staging.staging__stg_constructors__469623500' (evaluator.py:1315)
2025-03-07 15:22:24,289 - MainThread - sqlmesh.core.engine_adapter.base - INFO - Executing SQL: CREATE OR REPLACE VIEW `formulaone-448910`.`staging__dev`.`stg_constructors` AS SELECT * FROM `formulaone-448910`.`sqlmesh__staging`.`staging__stg_constructors__469623500` (base.py:2079)
2025-03-07 15:22:24,949 - MainThread - sqlmesh.core.snapshot.evaluator - INFO - Updating view '"formulaone-448910".staging__dev.stg_drivers' to point at table '"formulaone-448910".sqlmesh__staging.staging__stg_drivers__2303298743' (evaluator.py:1315)
2025-03-07 15:22:24,949 - MainThread - sqlmesh.core.engine_adapter.base - INFO - Executing SQL: CREATE OR REPLACE VIEW `formulaone-448910`.`staging__dev`.`stg_drivers` AS SELECT * FROM `formulaone-448910`.`sqlmesh__staging`.`staging__stg_drivers__2303298743` (base.py:2079)
2025-03-07 15:22:25,673 - MainThread - sqlmesh.core.snapshot.evaluator - INFO - Updating view '"formulaone-448910".staging__dev.stg_races' to point at table '"formulaone-448910".sqlmesh__staging.staging__stg_races__2078397789' (evaluator.py:1315)
2025-03-07 15:22:25,674 - MainThread - sqlmesh.core.engine_adapter.base - INFO - Executing SQL: CREATE OR REPLACE VIEW `formulaone-448910`.`staging__dev`.`stg_races` AS SELECT * FROM `formulaone-448910`.`sqlmesh__staging`.`staging__stg_races__2078397789` (base.py:2079)
2025-03-07 15:22:26,315 - MainThread - sqlmesh.core.state_sync.engine_adapter - INFO - Finalizing environment 'dev' (engine_adapter.py:405)
2025-03-07 15:22:29,555 - MainThread - root - INFO - Shutting down the event dispatcher (dispatcher.py:159)
